# JRE version: OpenJDK Runtime Environment (17.0.11) (build 17.0.11+0--11852314)
# Java VM: OpenJDK 64-Bit Server VM (17.0.11+0--11852314, mixed mode, tiered, compressed oops, compressed class ptrs, g1 gc, windows-amd64)
GC Precious Log:
 CPUs: 16 total, 16 available
 Memory: 15554M
 Large Page Support: Disabled
 NUMA Support: Disabled
 Compressed Oops: Enabled (32-bit)
 Heap Region Size: 1M
 Heap Min Capacity: 8M
 Heap Initial Capacity: 244M
 Heap Max Capacity: 2G
 Pre-touch: Disabled
 Parallel Workers: 13
 Concurrent Workers: 3
 Concurrent Refinement Workers: 13
 Periodic GC: Disabled
Heap:
 garbage-first heap   total 344064K, used 287555K [0x0000000080000000, 0x0000000100000000)
  region size 1024K, 3 young (3072K), 3 survivors (3072K)
 Metaspace       used 117139K, committed 118016K, reserved 1179648K
  class space    used 15915K, committed 16320K, reserved 1048576K
GC Heap History (20 events):
Event: 10.102 GC heap after
{Heap after GC invocations=44 (full 0):
 garbage-first heap   total 229376K, used 130644K [0x0000000080000000, 0x0000000100000000)
  region size 1024K, 4 young (4096K), 4 survivors (4096K)
 Metaspace       used 108584K, committed 109440K, reserved 1179648K
  class space    used 14744K, committed 15104K, reserved 1048576K
}
Event: 10.204 GC heap before
{Heap before GC invocations=44 (full 0):
 garbage-first heap   total 229376K, used 191060K [0x0000000080000000, 0x0000000100000000)
  region size 1024K, 63 young (64512K), 4 survivors (4096K)
 Metaspace       used 108610K, committed 109440K, reserved 1179648K
  class space    used 14745K, committed 15104K, reserved 1048576K
}
Event: 10.206 GC heap after
{Heap after GC invocations=45 (full 0):
 garbage-first heap   total 229376K, used 132679K [0x0000000080000000, 0x0000000100000000)
  region size 1024K, 6 young (6144K), 6 survivors (6144K)
 Metaspace       used 108610K, committed 109440K, reserved 1179648K
  class space    used 14745K, committed 15104K, reserved 1048576K
}
Event: 10.310 GC heap before
{Heap before GC invocations=45 (full 0):
 garbage-first heap   total 229376K, used 190023K [0x0000000080000000, 0x0000000100000000)
  region size 1024K, 63 young (64512K), 6 survivors (6144K)
 Metaspace       used 108687K, committed 109504K, reserved 1179648K
  class space    used 14757K, committed 15104K, reserved 1048576K
}
Event: 10.313 GC heap after
{Heap after GC invocations=46 (full 0):
 garbage-first heap   total 344064K, used 134611K [0x0000000080000000, 0x0000000100000000)
  region size 1024K, 5 young (5120K), 5 survivors (5120K)
 Metaspace       used 108687K, committed 109504K, reserved 1179648K
  class space    used 14757K, committed 15104K, reserved 1048576K
}
Event: 10.992 GC heap before
{Heap before GC invocations=46 (full 0):
 garbage-first heap   total 344064K, used 280019K [0x0000000080000000, 0x0000000100000000)
  region size 1024K, 148 young (151552K), 5 survivors (5120K)
 Metaspace       used 110701K, committed 111488K, reserved 1179648K
  class space    used 15016K, committed 15360K, reserved 1048576K
}
Event: 10.996 GC heap after
{Heap after GC invocations=47 (full 0):
 garbage-first heap   total 344064K, used 140439K [0x0000000080000000, 0x0000000100000000)
  region size 1024K, 10 young (10240K), 10 survivors (10240K)
 Metaspace       used 110701K, committed 111488K, reserved 1179648K
  class space    used 15016K, committed 15360K, reserved 1048576K
}
Event: 11.356 GC heap before
{Heap before GC invocations=47 (full 0):
 garbage-first heap   total 344064K, used 281751K [0x0000000080000000, 0x0000000100000000)
  region size 1024K, 149 young (152576K), 10 survivors (10240K)
 Metaspace       used 113096K, committed 113920K, reserved 1179648K
  class space    used 15333K, committed 15744K, reserved 1048576K
}
Event: 11.364 GC heap after
{Heap after GC invocations=48 (full 0):
 garbage-first heap   total 344064K, used 146064K [0x0000000080000000, 0x0000000100000000)
  region size 1024K, 14 young (14336K), 14 survivors (14336K)
 Metaspace       used 113096K, committed 113920K, reserved 1179648K
  class space    used 15333K, committed 15744K, reserved 1048576K
}
Event: 11.770 GC heap before
{Heap before GC invocations=48 (full 0):
 garbage-first heap   total 344064K, used 309904K [0x0000000080000000, 0x0000000100000000)
  region size 1024K, 147 young (150528K), 14 survivors (14336K)
 Metaspace       used 113596K, committed 114432K, reserved 1179648K
  class space    used 15397K, committed 15808K, reserved 1048576K
}
Event: 11.775 GC heap after
{Heap after GC invocations=49 (full 0):
 garbage-first heap   total 344064K, used 193042K [0x0000000080000000, 0x0000000100000000)
  region size 1024K, 19 young (19456K), 19 survivors (19456K)
 Metaspace       used 113596K, committed 114432K, reserved 1179648K
  class space    used 15397K, committed 15808K, reserved 1048576K
}
Event: 12.064 GC heap before
{Heap before GC invocations=49 (full 0):
 garbage-first heap   total 344064K, used 295442K [0x0000000080000000, 0x0000000100000000)
  region size 1024K, 78 young (79872K), 19 survivors (19456K)
 Metaspace       used 116831K, committed 117696K, reserved 1179648K
  class space    used 15872K, committed 16256K, reserved 1048576K
}
Event: 12.068 GC heap after
{Heap after GC invocations=50 (full 0):
 garbage-first heap   total 344064K, used 229332K [0x0000000080000000, 0x0000000100000000)
  region size 1024K, 13 young (13312K), 13 survivors (13312K)
 Metaspace       used 116831K, committed 117696K, reserved 1179648K
  class space    used 15872K, committed 16256K, reserved 1048576K
}
Event: 12.274 GC heap before
{Heap before GC invocations=50 (full 0):
 garbage-first heap   total 344064K, used 304084K [0x0000000080000000, 0x0000000100000000)
  region size 1024K, 60 young (61440K), 13 survivors (13312K)
 Metaspace       used 117111K, committed 118016K, reserved 1179648K
  class space    used 15914K, committed 16320K, reserved 1048576K
}
Event: 12.281 GC heap after
{Heap after GC invocations=51 (full 0):
 garbage-first heap   total 344064K, used 256734K [0x0000000080000000, 0x0000000100000000)
  region size 1024K, 8 young (8192K), 8 survivors (8192K)
 Metaspace       used 117111K, committed 118016K, reserved 1179648K
  class space    used 15914K, committed 16320K, reserved 1048576K
}
Event: 12.399 GC heap before
{Heap before GC invocations=51 (full 0):
 garbage-first heap   total 344064K, used 281310K [0x0000000080000000, 0x0000000100000000)
  region size 1024K, 33 young (33792K), 8 survivors (8192K)
 Metaspace       used 117111K, committed 118016K, reserved 1179648K
  class space    used 15914K, committed 16320K, reserved 1048576K
}
Event: 12.408 GC heap after
{Heap after GC invocations=52 (full 0):
 garbage-first heap   total 344064K, used 267258K [0x0000000080000000, 0x0000000100000000)
  region size 1024K, 5 young (5120K), 5 survivors (5120K)
 Metaspace       used 117111K, committed 118016K, reserved 1179648K
  class space    used 15914K, committed 16320K, reserved 1048576K
}
Event: 12.458 GC heap before
{Heap before GC invocations=52 (full 0):
 garbage-first heap   total 344064K, used 290810K [0x0000000080000000, 0x0000000100000000)
  region size 1024K, 25 young (25600K), 5 survivors (5120K)
 Metaspace       used 117129K, committed 118016K, reserved 1179648K
  class space    used 15915K, committed 16320K, reserved 1048576K
}
Event: 12.464 GC heap after
{Heap after GC invocations=53 (full 0):
 garbage-first heap   total 344064K, used 280222K [0x0000000080000000, 0x0000000100000000)
  region size 1024K, 4 young (4096K), 4 survivors (4096K)
 Metaspace       used 117129K, committed 118016K, reserved 1179648K
  class space    used 15915K, committed 16320K, reserved 1048576K
}
Event: 12.494 GC heap before
{Heap before GC invocations=53 (full 0):
 garbage-first heap   total 344064K, used 293534K [0x0000000080000000, 0x0000000100000000)
  region size 1024K, 17 young (17408K), 4 survivors (4096K)
 Metaspace       used 117139K, committed 118016K, reserved 1179648K
  class space    used 15915K, committed 16320K, reserved 1048576K
}

