# JRE version: OpenJDK Runtime Environment (17.0.11) (build 17.0.11+0--11852314)
# Java VM: OpenJDK 64-Bit Server VM (17.0.11+0--11852314, mixed mode, tiered, compressed oops, compressed class ptrs, g1 gc, windows-amd64)
GC Precious Log:
 CPUs: 16 total, 16 available
 Memory: 15554M
 Large Page Support: Disabled
 NUMA Support: Disabled
 Compressed Oops: Enabled (Zero based)
 Heap Region Size: 2M
 Heap Min Capacity: 8M
 Heap Initial Capacity: 244M
 Heap Max Capacity: 3890M
 Pre-touch: Disabled
 Parallel Workers: 13
 Concurrent Workers: 3
 Concurrent Refinement Workers: 13
 Periodic GC: Disabled
Heap:
 garbage-first heap   total 81920K, used 64333K [0x000000070ce00000, 0x0000000800000000)
  region size 2048K, 24 young (49152K), 2 survivors (4096K)
 Metaspace       used 41848K, committed 42048K, reserved 1114112K
  class space    used 4926K, committed 5056K, reserved 1048576K
GC Heap History (16 events):
Event: 0.520 GC heap before
{Heap before GC invocations=0 (full 0):
 garbage-first heap   total 249856K, used 24576K [0x000000070ce00000, 0x0000000800000000)
  region size 2048K, 11 young (22528K), 0 survivors (0K)
 Metaspace       used 12998K, committed 13120K, reserved 1114112K
  class space    used 1217K, committed 1280K, reserved 1048576K
}
Event: 0.523 GC heap after
{Heap after GC invocations=1 (full 0):
 garbage-first heap   total 249856K, used 7059K [0x000000070ce00000, 0x0000000800000000)
  region size 2048K, 2 young (4096K), 2 survivors (4096K)
 Metaspace       used 12998K, committed 13120K, reserved 1114112K
  class space    used 1217K, committed 1280K, reserved 1048576K
}
Event: 0.881 GC heap before
{Heap before GC invocations=1 (full 0):
 garbage-first heap   total 249856K, used 33683K [0x000000070ce00000, 0x0000000800000000)
  region size 2048K, 17 young (34816K), 2 survivors (4096K)
 Metaspace       used 21284K, committed 21504K, reserved 1114112K
  class space    used 2234K, committed 2368K, reserved 1048576K
}
Event: 0.883 GC heap after
{Heap after GC invocations=2 (full 0):
 garbage-first heap   total 249856K, used 8483K [0x000000070ce00000, 0x0000000800000000)
  region size 2048K, 3 young (6144K), 3 survivors (6144K)
 Metaspace       used 21284K, committed 21504K, reserved 1114112K
  class space    used 2234K, committed 2368K, reserved 1048576K
}
Event: 1.144 GC heap before
{Heap before GC invocations=3 (full 0):
 garbage-first heap   total 40960K, used 28963K [0x000000070ce00000, 0x0000000800000000)
  region size 2048K, 14 young (28672K), 3 survivors (6144K)
 Metaspace       used 23916K, committed 24064K, reserved 1114112K
  class space    used 2574K, committed 2624K, reserved 1048576K
}
Event: 1.151 GC heap after
{Heap after GC invocations=4 (full 0):
 garbage-first heap   total 45056K, used 15327K [0x000000070ce00000, 0x0000000800000000)
  region size 2048K, 6 young (12288K), 6 survivors (12288K)
 Metaspace       used 23916K, committed 24064K, reserved 1114112K
  class space    used 2574K, committed 2624K, reserved 1048576K
}
Event: 1.238 GC heap before
{Heap before GC invocations=4 (full 0):
 garbage-first heap   total 45056K, used 25567K [0x000000070ce00000, 0x0000000800000000)
  region size 2048K, 11 young (22528K), 6 survivors (12288K)
 Metaspace       used 24792K, committed 24960K, reserved 1114112K
  class space    used 2685K, committed 2752K, reserved 1048576K
}
Event: 1.249 GC heap after
{Heap after GC invocations=5 (full 0):
 garbage-first heap   total 45056K, used 18910K [0x000000070ce00000, 0x0000000800000000)
  region size 2048K, 2 young (4096K), 2 survivors (4096K)
 Metaspace       used 24792K, committed 24960K, reserved 1114112K
  class space    used 2685K, committed 2752K, reserved 1048576K
}
Event: 1.408 GC heap before
{Heap before GC invocations=5 (full 0):
 garbage-first heap   total 45056K, used 27102K [0x000000070ce00000, 0x0000000800000000)
  region size 2048K, 6 young (12288K), 2 survivors (4096K)
 Metaspace       used 26807K, committed 27008K, reserved 1114112K
  class space    used 2915K, committed 3008K, reserved 1048576K
}
Event: 1.412 GC heap after
{Heap after GC invocations=6 (full 0):
 garbage-first heap   total 45056K, used 19765K [0x000000070ce00000, 0x0000000800000000)
  region size 2048K, 1 young (2048K), 1 survivors (2048K)
 Metaspace       used 26807K, committed 27008K, reserved 1114112K
  class space    used 2915K, committed 3008K, reserved 1048576K
}
Event: 1.546 GC heap before
{Heap before GC invocations=6 (full 0):
 garbage-first heap   total 45056K, used 27957K [0x000000070ce00000, 0x0000000800000000)
  region size 2048K, 5 young (10240K), 1 survivors (2048K)
 Metaspace       used 29165K, committed 29440K, reserved 1114112K
  class space    used 3227K, committed 3328K, reserved 1048576K
}
Event: 1.548 GC heap after
{Heap after GC invocations=7 (full 0):
 garbage-first heap   total 45056K, used 19360K [0x000000070ce00000, 0x0000000800000000)
  region size 2048K, 1 young (2048K), 1 survivors (2048K)
 Metaspace       used 29165K, committed 29440K, reserved 1114112K
  class space    used 3227K, committed 3328K, reserved 1048576K
}
Event: 1.752 GC heap before
{Heap before GC invocations=7 (full 0):
 garbage-first heap   total 45056K, used 29600K [0x000000070ce00000, 0x0000000800000000)
  region size 2048K, 6 young (12288K), 1 survivors (2048K)
 Metaspace       used 32325K, committed 32576K, reserved 1114112K
  class space    used 4016K, committed 4160K, reserved 1048576K
}
Event: 1.755 GC heap after
{Heap after GC invocations=8 (full 0):
 garbage-first heap   total 147456K, used 20098K [0x000000070ce00000, 0x0000000800000000)
  region size 2048K, 1 young (2048K), 1 survivors (2048K)
 Metaspace       used 32325K, committed 32576K, reserved 1114112K
  class space    used 4016K, committed 4160K, reserved 1048576K
}
Event: 2.099 GC heap before
{Heap before GC invocations=8 (full 0):
 garbage-first heap   total 147456K, used 36482K [0x000000070ce00000, 0x0000000800000000)
  region size 2048K, 10 young (20480K), 1 survivors (2048K)
 Metaspace       used 35765K, committed 35968K, reserved 1114112K
  class space    used 4369K, committed 4480K, reserved 1048576K
}
Event: 2.103 GC heap after
{Heap after GC invocations=9 (full 0):
 garbage-first heap   total 147456K, used 21325K [0x000000070ce00000, 0x0000000800000000)
  region size 2048K, 2 young (4096K), 2 survivors (4096K)
 Metaspace       used 35765K, committed 35968K, reserved 1114112K
  class space    used 4369K, committed 4480K, reserved 1048576K
}

